# JRE version: Java(TM) SE Runtime Environment (17.0.10+11) (build 17.0.10+11-LTS-240)
# Java VM: Java HotSpot(TM) 64-Bit Server VM (17.0.10+11-LTS-240, mixed mode, sharing, tiered, compressed oops, compressed class ptrs, g1 gc, windows-amd64)
GC Precious Log:
 CPUs: 8 total, 8 available
 Memory: 8023M
 Large Page Support: Disabled
 NUMA Support: Disabled
 Compressed Oops: Enabled (32-bit)
 Heap Region Size: 1M
 Heap Min Capacity: 8M
 Heap Initial Capacity: 126M
 Heap Max Capacity: 2006M
 Pre-touch: Disabled
 Parallel Workers: 8
 Concurrent Workers: 2
 Concurrent Refinement Workers: 8
 Periodic GC: Disabled
Heap:
 garbage-first heap   total 109568K, used 35614K [0x0000000082a00000, 0x0000000100000000)
  region size 1024K, 11 young (11264K), 1 survivors (1024K)
 Metaspace       used 34535K, committed 34816K, reserved 1114112K
  class space    used 4366K, committed 4480K, reserved 1048576K
GC Heap History (10 events):
Event: 1.929 GC heap before
{Heap before GC invocations=0 (full 0):
 garbage-first heap   total 129024K, used 27648K [0x0000000082a00000, 0x0000000100000000)
  region size 1024K, 23 young (23552K), 0 survivors (0K)
 Metaspace       used 6567K, committed 6720K, reserved 1114112K
  class space    used 661K, committed 768K, reserved 1048576K
}
Event: 1.950 GC heap after
{Heap after GC invocations=1 (full 0):
 garbage-first heap   total 129024K, used 7168K [0x0000000082a00000, 0x0000000100000000)
  region size 1024K, 3 young (3072K), 3 survivors (3072K)
 Metaspace       used 6567K, committed 6720K, reserved 1114112K
  class space    used 661K, committed 768K, reserved 1048576K
}
Event: 3.901 GC heap before
{Heap before GC invocations=1 (full 0):
 garbage-first heap   total 129024K, used 40960K [0x0000000082a00000, 0x0000000100000000)
  region size 1024K, 36 young (36864K), 3 survivors (3072K)
 Metaspace       used 13964K, committed 14144K, reserved 1114112K
  class space    used 1608K, committed 1728K, reserved 1048576K
}
Event: 3.925 GC heap after
{Heap after GC invocations=2 (full 0):
 garbage-first heap   total 129024K, used 10677K [0x0000000082a00000, 0x0000000100000000)
  region size 1024K, 4 young (4096K), 4 survivors (4096K)
 Metaspace       used 13964K, committed 14144K, reserved 1114112K
  class space    used 1608K, committed 1728K, reserved 1048576K
}
Event: 6.332 GC heap before
{Heap before GC invocations=2 (full 0):
 garbage-first heap   total 129024K, used 40373K [0x0000000082a00000, 0x0000000100000000)
  region size 1024K, 30 young (30720K), 4 survivors (4096K)
 Metaspace       used 21313K, committed 21504K, reserved 1114112K
  class space    used 2794K, committed 2880K, reserved 1048576K
}
Event: 6.342 GC heap after
{Heap after GC invocations=3 (full 0):
 garbage-first heap   total 129024K, used 16879K [0x0000000082a00000, 0x0000000100000000)
  region size 1024K, 6 young (6144K), 6 survivors (6144K)
 Metaspace       used 21313K, committed 21504K, reserved 1114112K
  class space    used 2794K, committed 2880K, reserved 1048576K
}
Event: 10.966 GC heap before
{Heap before GC invocations=4 (full 0):
 garbage-first heap   total 109568K, used 78319K [0x0000000082a00000, 0x0000000100000000)
  region size 1024K, 64 young (65536K), 6 survivors (6144K)
 Metaspace       used 32116K, committed 32320K, reserved 1114112K
  class space    used 4089K, committed 4160K, reserved 1048576K
}
Event: 11.012 GC heap after
{Heap after GC invocations=5 (full 0):
 garbage-first heap   total 109568K, used 25465K [0x0000000082a00000, 0x0000000100000000)
  region size 1024K, 8 young (8192K), 8 survivors (8192K)
 Metaspace       used 32116K, committed 32320K, reserved 1114112K
  class space    used 4089K, committed 4160K, reserved 1048576K
}
Event: 11.064 GC heap before
{Heap before GC invocations=5 (full 0):
 garbage-first heap   total 109568K, used 26489K [0x0000000082a00000, 0x0000000100000000)
  region size 1024K, 9 young (9216K), 8 survivors (8192K)
 Metaspace       used 32340K, committed 32576K, reserved 1114112K
  class space    used 4114K, committed 4224K, reserved 1048576K
}
Event: 11.089 GC heap after
{Heap after GC invocations=6 (full 0):
 garbage-first heap   total 109568K, used 26398K [0x0000000082a00000, 0x0000000100000000)
  region size 1024K, 1 young (1024K), 1 survivors (1024K)
 Metaspace       used 32340K, committed 32576K, reserved 1114112K
  class space    used 4114K, committed 4224K, reserved 1048576K
}

