# JRE version: Java(TM) SE Runtime Environment (17.0.10+11) (build 17.0.10+11-LTS-240)
# Java VM: Java HotSpot(TM) 64-Bit Server VM (17.0.10+11-LTS-240, mixed mode, sharing, tiered, compressed oops, compressed class ptrs, g1 gc, windows-amd64)
GC Precious Log:
 CPUs: 8 total, 8 available
 Memory: 8023M
 Large Page Support: Disabled
 NUMA Support: Disabled
 Compressed Oops: Enabled (32-bit)
 Heap Region Size: 1M
 Heap Min Capacity: 8M
 Heap Initial Capacity: 126M
 Heap Max Capacity: 2006M
 Pre-touch: Disabled
 Parallel Workers: 8
 Concurrent Workers: 2
 Concurrent Refinement Workers: 8
 Periodic GC: Disabled
Heap:
 garbage-first heap   total 129024K, used 43789K [0x0000000082a00000, 0x0000000100000000)
  region size 1024K, 19 young (19456K), 2 survivors (2048K)
 Metaspace       used 37722K, committed 37952K, reserved 1114112K
  class space    used 4722K, committed 4800K, reserved 1048576K
GC Heap History (10 events):
Event: 1.719 GC heap before
{Heap before GC invocations=0 (full 0):
 garbage-first heap   total 129024K, used 27648K [0x0000000082a00000, 0x0000000100000000)
  region size 1024K, 23 young (23552K), 0 survivors (0K)
 Metaspace       used 6558K, committed 6720K, reserved 1114112K
  class space    used 659K, committed 768K, reserved 1048576K
}
Event: 1.759 GC heap after
{Heap after GC invocations=1 (full 0):
 garbage-first heap   total 129024K, used 6911K [0x0000000082a00000, 0x0000000100000000)
  region size 1024K, 3 young (3072K), 3 survivors (3072K)
 Metaspace       used 6558K, committed 6720K, reserved 1114112K
  class space    used 659K, committed 768K, reserved 1048576K
}
Event: 3.800 GC heap before
{Heap before GC invocations=1 (full 0):
 garbage-first heap   total 129024K, used 40703K [0x0000000082a00000, 0x0000000100000000)
  region size 1024K, 36 young (36864K), 3 survivors (3072K)
 Metaspace       used 14175K, committed 14336K, reserved 1114112K
  class space    used 1624K, committed 1728K, reserved 1048576K
}
Event: 3.812 GC heap after
{Heap after GC invocations=2 (full 0):
 garbage-first heap   total 129024K, used 10691K [0x0000000082a00000, 0x0000000100000000)
  region size 1024K, 4 young (4096K), 4 survivors (4096K)
 Metaspace       used 14175K, committed 14336K, reserved 1114112K
  class space    used 1624K, committed 1728K, reserved 1048576K
}
Event: 5.656 GC heap before
{Heap before GC invocations=2 (full 0):
 garbage-first heap   total 129024K, used 39363K [0x0000000082a00000, 0x0000000100000000)
  region size 1024K, 29 young (29696K), 4 survivors (4096K)
 Metaspace       used 21318K, committed 21504K, reserved 1114112K
  class space    used 2793K, committed 2880K, reserved 1048576K
}
Event: 5.669 GC heap after
{Heap after GC invocations=3 (full 0):
 garbage-first heap   total 129024K, used 16932K [0x0000000082a00000, 0x0000000100000000)
  region size 1024K, 6 young (6144K), 6 survivors (6144K)
 Metaspace       used 21318K, committed 21504K, reserved 1114112K
  class space    used 2793K, committed 2880K, reserved 1048576K
}
Event: 10.324 GC heap before
{Heap before GC invocations=4 (full 0):
 garbage-first heap   total 129024K, used 86564K [0x0000000082a00000, 0x0000000100000000)
  region size 1024K, 72 young (73728K), 6 survivors (6144K)
 Metaspace       used 33230K, committed 33472K, reserved 1114112K
  class space    used 4208K, committed 4288K, reserved 1048576K
}
Event: 10.395 GC heap after
{Heap after GC invocations=5 (full 0):
 garbage-first heap   total 129024K, used 25772K [0x0000000082a00000, 0x0000000100000000)
  region size 1024K, 9 young (9216K), 9 survivors (9216K)
 Metaspace       used 33230K, committed 33472K, reserved 1114112K
  class space    used 4208K, committed 4288K, reserved 1048576K
}
Event: 10.474 GC heap before
{Heap before GC invocations=5 (full 0):
 garbage-first heap   total 129024K, used 26796K [0x0000000082a00000, 0x0000000100000000)
  region size 1024K, 10 young (10240K), 9 survivors (9216K)
 Metaspace       used 33502K, committed 33792K, reserved 1114112K
  class space    used 4235K, committed 4352K, reserved 1048576K
}
Event: 10.504 GC heap after
{Heap after GC invocations=6 (full 0):
 garbage-first heap   total 129024K, used 27405K [0x0000000082a00000, 0x0000000100000000)
  region size 1024K, 2 young (2048K), 2 survivors (2048K)
 Metaspace       used 33502K, committed 33792K, reserved 1114112K
  class space    used 4235K, committed 4352K, reserved 1048576K
}

