# JRE version: Java(TM) SE Runtime Environment (17.0.10+11) (build 17.0.10+11-LTS-240)
# Java VM: Java HotSpot(TM) 64-Bit Server VM (17.0.10+11-LTS-240, mixed mode, sharing, tiered, compressed oops, compressed class ptrs, g1 gc, windows-amd64)
GC Precious Log:
 CPUs: 8 total, 8 available
 Memory: 8023M
 Large Page Support: Disabled
 NUMA Support: Disabled
 Compressed Oops: Enabled (32-bit)
 Heap Region Size: 1M
 Heap Min Capacity: 8M
 Heap Initial Capacity: 126M
 Heap Max Capacity: 2006M
 Pre-touch: Disabled
 Parallel Workers: 8
 Concurrent Workers: 2
 Concurrent Refinement Workers: 8
 Periodic GC: Disabled
Heap:
 garbage-first heap   total 112640K, used 27059K [0x0000000082a00000, 0x0000000100000000)
  region size 1024K, 2 young (2048K), 2 survivors (2048K)
 Metaspace       used 37065K, committed 37248K, reserved 1114112K
  class space    used 4643K, committed 4736K, reserved 1048576K
GC Heap History (11 events):
Event: 1.887 GC heap before
{Heap before GC invocations=0 (full 0):
 garbage-first heap   total 129024K, used 27648K [0x0000000082a00000, 0x0000000100000000)
  region size 1024K, 23 young (23552K), 0 survivors (0K)
 Metaspace       used 6564K, committed 6720K, reserved 1114112K
  class space    used 659K, committed 768K, reserved 1048576K
}
Event: 1.922 GC heap after
{Heap after GC invocations=1 (full 0):
 garbage-first heap   total 129024K, used 6911K [0x0000000082a00000, 0x0000000100000000)
  region size 1024K, 3 young (3072K), 3 survivors (3072K)
 Metaspace       used 6564K, committed 6720K, reserved 1114112K
  class space    used 659K, committed 768K, reserved 1048576K
}
Event: 3.772 GC heap before
{Heap before GC invocations=1 (full 0):
 garbage-first heap   total 129024K, used 40703K [0x0000000082a00000, 0x0000000100000000)
  region size 1024K, 36 young (36864K), 3 survivors (3072K)
 Metaspace       used 14139K, committed 14336K, reserved 1114112K
  class space    used 1621K, committed 1728K, reserved 1048576K
}
Event: 3.788 GC heap after
{Heap after GC invocations=2 (full 0):
 garbage-first heap   total 129024K, used 10400K [0x0000000082a00000, 0x0000000100000000)
  region size 1024K, 4 young (4096K), 4 survivors (4096K)
 Metaspace       used 14139K, committed 14336K, reserved 1114112K
  class space    used 1621K, committed 1728K, reserved 1048576K
}
Event: 5.434 GC heap before
{Heap before GC invocations=2 (full 0):
 garbage-first heap   total 129024K, used 39072K [0x0000000082a00000, 0x0000000100000000)
  region size 1024K, 29 young (29696K), 4 survivors (4096K)
 Metaspace       used 21274K, committed 21504K, reserved 1114112K
  class space    used 2784K, committed 2880K, reserved 1048576K
}
Event: 5.445 GC heap after
{Heap after GC invocations=3 (full 0):
 garbage-first heap   total 129024K, used 16673K [0x0000000082a00000, 0x0000000100000000)
  region size 1024K, 6 young (6144K), 6 survivors (6144K)
 Metaspace       used 21274K, committed 21504K, reserved 1114112K
  class space    used 2784K, committed 2880K, reserved 1048576K
}
Event: 9.660 GC heap before
{Heap before GC invocations=4 (full 0):
 garbage-first heap   total 112640K, used 80161K [0x0000000082a00000, 0x0000000100000000)
  region size 1024K, 66 young (67584K), 6 survivors (6144K)
 Metaspace       used 32028K, committed 32256K, reserved 1114112K
  class space    used 4070K, committed 4160K, reserved 1048576K
}
Event: 9.711 GC heap after
{Heap after GC invocations=5 (full 0):
 garbage-first heap   total 112640K, used 25373K [0x0000000082a00000, 0x0000000100000000)
  region size 1024K, 9 young (9216K), 9 survivors (9216K)
 Metaspace       used 32028K, committed 32256K, reserved 1114112K
  class space    used 4070K, committed 4160K, reserved 1048576K
}
Event: 9.803 GC heap before
{Heap before GC invocations=5 (full 0):
 garbage-first heap   total 112640K, used 25373K [0x0000000082a00000, 0x0000000100000000)
  region size 1024K, 10 young (10240K), 9 survivors (9216K)
 Metaspace       used 32241K, committed 32448K, reserved 1114112K
  class space    used 4091K, committed 4160K, reserved 1048576K
}
Event: 9.830 GC heap after
{Heap after GC invocations=6 (full 0):
 garbage-first heap   total 112640K, used 26624K [0x0000000082a00000, 0x0000000100000000)
  region size 1024K, 1 young (1024K), 1 survivors (1024K)
 Metaspace       used 32241K, committed 32448K, reserved 1114112K
  class space    used 4091K, committed 4160K, reserved 1048576K
}
Event: 11.240 GC heap before
{Heap before GC invocations=6 (full 0):
 garbage-first heap   total 112640K, used 45056K [0x0000000082a00000, 0x0000000100000000)
  region size 1024K, 20 young (20480K), 1 survivors (1024K)
 Metaspace       used 37065K, committed 37248K, reserved 1114112K
  class space    used 4643K, committed 4736K, reserved 1048576K
}

